2012-05-09 03:27:05 Warning: Warning (512): /home/dev/public_html/Coordino/app/tmp/cache/ is not writable in [/home/dev/public_html/Coordino/cake/libs/cache/file.php, line 267]
2012-05-09 03:27:10 Warning: Warning (512): /home/dev/public_html/Coordino/app/tmp/cache/ is not writable in [/home/dev/public_html/Coordino/cake/libs/cache/file.php, line 267]
2012-05-09 04:33:03 Warning: Warning (2): strlen() expects parameter 1 to be string, array given in [/home/dev/public_html/Coordino/cake/libs/i18n.php, line 184]
2012-05-09 04:33:44 Warning: Warning (2): strlen() expects parameter 1 to be string, array given in [/home/dev/public_html/Coordino/cake/libs/i18n.php, line 184]
2012-05-09 04:33:48 Warning: Warning (2): strlen() expects parameter 1 to be string, array given in [/home/dev/public_html/Coordino/cake/libs/i18n.php, line 184]
2012-05-09 04:34:49 Warning: Warning (2): strlen() expects parameter 1 to be string, array given in [/home/dev/public_html/Coordino/cake/libs/i18n.php, line 184]
2012-05-09 04:36:21 Warning: Warning (2): strlen() expects parameter 1 to be string, array given in [/home/dev/public_html/Coordino/cake/libs/i18n.php, line 184]
2012-05-09 04:37:29 Warning: Warning (2): strlen() expects parameter 1 to be string, array given in [/home/dev/public_html/Coordino/cake/libs/i18n.php, line 184]
2012-05-09 04:38:00 Warning: Warning (2): strlen() expects parameter 1 to be string, array given in [/home/dev/public_html/Coordino/cake/libs/i18n.php, line 184]
2012-05-09 04:40:55 Warning: Warning (2): strlen() expects parameter 1 to be string, array given in [/home/dev/public_html/Coordino/cake/libs/i18n.php, line 184]
2012-05-09 04:46:08 Warning: Warning (2): strlen() expects parameter 1 to be string, array given in [/home/dev/public_html/Coordino/cake/libs/i18n.php, line 184]
2012-05-09 04:46:42 Warning: Warning (2): strlen() expects parameter 1 to be string, array given in [/home/dev/public_html/Coordino/cake/libs/i18n.php, line 184]
2012-05-09 04:52:23 Warning: Warning (2): strlen() expects parameter 1 to be string, array given in [/home/dev/public_html/Coordino/cake/libs/i18n.php, line 184]
2012-05-09 04:52:25 Warning: Warning (2): strlen() expects parameter 1 to be string, array given in [/home/dev/public_html/Coordino/cake/libs/i18n.php, line 184]
2012-05-09 04:52:26 Warning: Warning (2): strlen() expects parameter 1 to be string, array given in [/home/dev/public_html/Coordino/cake/libs/i18n.php, line 184]
2012-05-09 04:59:40 Warning: Warning (2): Invalid argument supplied for foreach() in [/home/dev/public_html/Coordino/app/views/posts/view.ctp, line 103]
2012-05-09 06:03:00 Warning: Warning (2): Invalid argument supplied for foreach() in [/home/dev/public_html/Coordino/app/views/posts/view.ctp, line 105]
2012-05-09 06:03:13 Warning: Warning (2): Invalid argument supplied for foreach() in [/home/dev/public_html/Coordino/app/views/posts/view.ctp, line 105]
2012-05-09 06:04:49 Warning: Warning (2): array_reverse() expects parameter 1 to be array, null given in [/home/dev/public_html/Coordino/app/models/tag.php, line 89]
2012-05-09 06:04:49 Warning: Warning (2): Invalid argument supplied for foreach() in [/home/dev/public_html/Coordino/app/views/tags/find_tag.ctp, line 2]
2012-05-09 06:05:04 Warning: Warning (2): Invalid argument supplied for foreach() in [/home/dev/public_html/Coordino/app/views/posts/view.ctp, line 105]
2012-05-09 06:06:57 Warning: Warning (2): Invalid argument supplied for foreach() in [/home/dev/public_html/Coordino/app/views/posts/view.ctp, line 105]
2012-05-09 06:19:27 Warning: Warning (2): Invalid argument supplied for foreach() in [/home/dev/public_html/Coordino/app/views/posts/view.ctp, line 105]
2012-05-09 06:20:06 Warning: Warning (2): Invalid argument supplied for foreach() in [/home/dev/public_html/Coordino/app/views/posts/view.ctp, line 105]
2012-08-12 15:01:25 Warning: Warning (512): /Users/cruisemaniac/Documents/work/Coordino/app/tmp/cache/ is not writable in [/Users/cruisemaniac/Documents/work/Coordino/cake/libs/cache/file.php, line 267]
2012-08-12 15:01:25 Warning: Warning (2): include_once(/Users/cruisemaniac/Documents/work/Coordino/app/config/database.php) [<a href='http://php.net/function.include-once'>function.include-once</a>]: failed to open stream: No such file or directory in [/Users/cruisemaniac/Documents/work/Coordino/cake/libs/model/connection_manager.php, line 23]
2012-08-12 15:01:25 Warning: Warning (2): include_once() [<a href='http://php.net/function.include'>function.include</a>]: Failed opening '/Users/cruisemaniac/Documents/work/Coordino/app/config/database.php' for inclusion (include_path='.:/Applications/MAMP/bin/php5.3/lib/php:/Users/cruisemaniac/Documents/work/Coordino:/Users/cruisemaniac/Documents/work/Coordino/app/') in [/Users/cruisemaniac/Documents/work/Coordino/cake/libs/model/connection_manager.php, line 23]
2012-08-12 15:01:52 Warning: Warning (512): /Users/cruisemaniac/Documents/work/Coordino/app/tmp/cache/ is not writable in [/Users/cruisemaniac/Documents/work/Coordino/cake/libs/cache/file.php, line 267]
2012-08-12 15:01:52 Warning: Warning (2): include_once(/Users/cruisemaniac/Documents/work/Coordino/app/config/database.php) [<a href='http://php.net/function.include-once'>function.include-once</a>]: failed to open stream: No such file or directory in [/Users/cruisemaniac/Documents/work/Coordino/cake/libs/model/connection_manager.php, line 23]
2012-08-12 15:01:52 Warning: Warning (2): include_once() [<a href='http://php.net/function.include'>function.include</a>]: Failed opening '/Users/cruisemaniac/Documents/work/Coordino/app/config/database.php' for inclusion (include_path='.:/Applications/MAMP/bin/php5.3/lib/php:/Users/cruisemaniac/Documents/work/Coordino:/Users/cruisemaniac/Documents/work/Coordino/app/') in [/Users/cruisemaniac/Documents/work/Coordino/cake/libs/model/connection_manager.php, line 23]
2012-08-12 15:13:52 Warning: Warning (512): /Users/cruisemaniac/Documents/work/Coordino/app/tmp/cache/ is not writable in [/Users/cruisemaniac/Documents/work/Coordino/cake/libs/cache/file.php, line 267]
2012-08-12 15:13:52 Warning: Warning (2): include_once(/Users/cruisemaniac/Documents/work/Coordino/app/config/database.php) [<a href='http://php.net/function.include-once'>function.include-once</a>]: failed to open stream: No such file or directory in [/Users/cruisemaniac/Documents/work/Coordino/cake/libs/model/connection_manager.php, line 23]
2012-08-12 15:13:52 Warning: Warning (2): include_once() [<a href='http://php.net/function.include'>function.include</a>]: Failed opening '/Users/cruisemaniac/Documents/work/Coordino/app/config/database.php' for inclusion (include_path='.:/Applications/MAMP/bin/php5.3/lib/php:/Users/cruisemaniac/Documents/work/Coordino:/Users/cruisemaniac/Documents/work/Coordino/app/') in [/Users/cruisemaniac/Documents/work/Coordino/cake/libs/model/connection_manager.php, line 23]
2012-08-12 15:28:09 Warning: Warning (2): Cannot modify header information - headers already sent by (output started at /Users/cruisemaniac/Documents/work/Coordino/cake/libs/debugger.php:683) in [/Users/cruisemaniac/Documents/work/Coordino/cake/libs/controller/controller.php, line 742]
2012-08-12 15:28:57 Warning: Warning (2): Cannot modify header information - headers already sent by (output started at /Users/cruisemaniac/Documents/work/Coordino/cake/libs/debugger.php:683) in [/Users/cruisemaniac/Documents/work/Coordino/cake/libs/controller/components/cookie.php, line 376]
2012-08-12 15:28:57 Warning: Warning (2): Cannot modify header information - headers already sent by (output started at /Users/cruisemaniac/Documents/work/Coordino/cake/libs/debugger.php:683) in [/Users/cruisemaniac/Documents/work/Coordino/cake/libs/controller/controller.php, line 742]
2012-08-12 15:53:32 Warning: Warning (2): array_reverse() expects parameter 1 to be array, null given in [/Users/cruisemaniac/Documents/work/Coordino/app/models/tag.php, line 89]
2012-08-12 15:53:32 Warning: Warning (2): Invalid argument supplied for foreach() in [/Users/cruisemaniac/Documents/work/Coordino/app/views/tags/find_tag.ctp, line 2]
2012-08-12 16:17:20 Warning: Warning (2): Invalid argument supplied for foreach() in [/Users/cruisemaniac/Documents/work/Coordino/app/views/posts/view.ctp, line 105]
2012-08-12 16:18:16 Warning: Warning (2): Invalid argument supplied for foreach() in [/Users/cruisemaniac/Documents/work/Coordino/app/views/posts/view.ctp, line 105]
2012-08-12 16:18:18 Warning: Warning (2): Invalid argument supplied for foreach() in [/Users/cruisemaniac/Documents/work/Coordino/app/views/posts/view.ctp, line 105]
2012-08-12 16:19:16 Warning: Warning (2): Invalid argument supplied for foreach() in [/Users/cruisemaniac/Documents/work/Coordino/app/views/posts/view.ctp, line 105]
2012-08-12 16:20:38 Warning: Warning (2): Invalid argument supplied for foreach() in [/Users/cruisemaniac/Documents/work/Coordino/app/views/posts/view.ctp, line 105]
2012-08-12 16:22:33 Warning: Warning (2): Invalid argument supplied for foreach() in [/Users/cruisemaniac/Documents/work/Coordino/app/views/posts/view.ctp, line 105]
2012-08-12 16:22:49 Warning: Warning (2): Invalid argument supplied for foreach() in [/Users/cruisemaniac/Documents/work/Coordino/app/views/posts/view.ctp, line 105]
2012-08-12 16:23:07 Warning: Warning (2): Invalid argument supplied for foreach() in [/Users/cruisemaniac/Documents/work/Coordino/app/views/posts/view.ctp, line 105]
2012-08-12 16:26:23 Warning: Warning (2): Invalid argument supplied for foreach() in [/Users/cruisemaniac/Documents/work/Coordino/app/views/posts/view.ctp, line 105]
2012-08-12 16:45:42 Warning: Warning (2): array_reverse() expects parameter 1 to be array, null given in [/Users/cruisemaniac/Documents/work/Coordino/app/models/tag.php, line 89]
2012-08-12 16:45:42 Warning: Warning (2): Invalid argument supplied for foreach() in [/Users/cruisemaniac/Documents/work/Coordino/app/views/tags/find_tag.ctp, line 2]
2012-08-12 16:50:17 Warning: Warning (2): array_reverse() expects parameter 1 to be array, null given in [/Users/cruisemaniac/Documents/work/Coordino/app/models/tag.php, line 89]
2012-08-12 16:50:17 Warning: Warning (2): Invalid argument supplied for foreach() in [/Users/cruisemaniac/Documents/work/Coordino/app/views/tags/find_tag.ctp, line 2]
2012-08-12 16:50:57 Warning: Warning (2): array_reverse() expects parameter 1 to be array, null given in [/Users/cruisemaniac/Documents/work/Coordino/app/models/tag.php, line 89]
2012-08-12 16:50:57 Warning: Warning (2): Invalid argument supplied for foreach() in [/Users/cruisemaniac/Documents/work/Coordino/app/views/tags/find_tag.ctp, line 2]
2012-08-12 16:51:09 Warning: Warning (2): array_reverse() expects parameter 1 to be array, null given in [/Users/cruisemaniac/Documents/work/Coordino/app/models/tag.php, line 89]
2012-08-12 16:51:09 Warning: Warning (2): Invalid argument supplied for foreach() in [/Users/cruisemaniac/Documents/work/Coordino/app/views/tags/find_tag.ctp, line 2]
2012-08-12 16:51:10 Warning: Warning (2): array_reverse() expects parameter 1 to be array, null given in [/Users/cruisemaniac/Documents/work/Coordino/app/models/tag.php, line 89]
2012-08-12 16:51:10 Warning: Warning (2): Invalid argument supplied for foreach() in [/Users/cruisemaniac/Documents/work/Coordino/app/views/tags/find_tag.ctp, line 2]
2012-08-12 16:51:11 Warning: Warning (2): array_reverse() expects parameter 1 to be array, null given in [/Users/cruisemaniac/Documents/work/Coordino/app/models/tag.php, line 89]
2012-08-12 16:51:11 Warning: Warning (2): Invalid argument supplied for foreach() in [/Users/cruisemaniac/Documents/work/Coordino/app/views/tags/find_tag.ctp, line 2]
2012-08-12 16:51:11 Warning: Warning (2): array_reverse() expects parameter 1 to be array, null given in [/Users/cruisemaniac/Documents/work/Coordino/app/models/tag.php, line 89]
2012-08-12 16:51:11 Warning: Warning (2): Invalid argument supplied for foreach() in [/Users/cruisemaniac/Documents/work/Coordino/app/views/tags/find_tag.ctp, line 2]
2012-08-12 16:51:11 Warning: Warning (2): array_reverse() expects parameter 1 to be array, null given in [/Users/cruisemaniac/Documents/work/Coordino/app/models/tag.php, line 89]
2012-08-12 16:51:11 Warning: Warning (2): Invalid argument supplied for foreach() in [/Users/cruisemaniac/Documents/work/Coordino/app/views/tags/find_tag.ctp, line 2]
2012-08-12 16:51:12 Warning: Warning (2): array_reverse() expects parameter 1 to be array, null given in [/Users/cruisemaniac/Documents/work/Coordino/app/models/tag.php, line 89]
2012-08-12 16:51:12 Warning: Warning (2): Invalid argument supplied for foreach() in [/Users/cruisemaniac/Documents/work/Coordino/app/views/tags/find_tag.ctp, line 2]
2012-08-12 16:51:12 Warning: Warning (2): array_reverse() expects parameter 1 to be array, null given in [/Users/cruisemaniac/Documents/work/Coordino/app/models/tag.php, line 89]
2012-08-12 16:51:12 Warning: Warning (2): Invalid argument supplied for foreach() in [/Users/cruisemaniac/Documents/work/Coordino/app/views/tags/find_tag.ctp, line 2]
2012-08-12 16:51:12 Warning: Warning (2): array_reverse() expects parameter 1 to be array, null given in [/Users/cruisemaniac/Documents/work/Coordino/app/models/tag.php, line 89]
2012-08-12 16:51:12 Warning: Warning (2): Invalid argument supplied for foreach() in [/Users/cruisemaniac/Documents/work/Coordino/app/views/tags/find_tag.ctp, line 2]
2012-08-12 16:51:13 Warning: Warning (2): array_reverse() expects parameter 1 to be array, null given in [/Users/cruisemaniac/Documents/work/Coordino/app/models/tag.php, line 89]
2012-08-12 16:51:13 Warning: Warning (2): Invalid argument supplied for foreach() in [/Users/cruisemaniac/Documents/work/Coordino/app/views/tags/find_tag.ctp, line 2]
2012-08-12 16:51:13 Warning: Warning (2): array_reverse() expects parameter 1 to be array, null given in [/Users/cruisemaniac/Documents/work/Coordino/app/models/tag.php, line 89]
2012-08-12 16:51:13 Warning: Warning (2): Invalid argument supplied for foreach() in [/Users/cruisemaniac/Documents/work/Coordino/app/views/tags/find_tag.ctp, line 2]
2012-08-12 16:51:13 Warning: Warning (2): array_reverse() expects parameter 1 to be array, null given in [/Users/cruisemaniac/Documents/work/Coordino/app/models/tag.php, line 89]
2012-08-12 16:51:13 Warning: Warning (2): Invalid argument supplied for foreach() in [/Users/cruisemaniac/Documents/work/Coordino/app/views/tags/find_tag.ctp, line 2]
2012-08-12 16:51:14 Warning: Warning (2): array_reverse() expects parameter 1 to be array, null given in [/Users/cruisemaniac/Documents/work/Coordino/app/models/tag.php, line 89]
2012-08-12 16:51:14 Warning: Warning (2): Invalid argument supplied for foreach() in [/Users/cruisemaniac/Documents/work/Coordino/app/views/tags/find_tag.ctp, line 2]
2012-08-12 16:51:15 Warning: Warning (2): array_reverse() expects parameter 1 to be array, null given in [/Users/cruisemaniac/Documents/work/Coordino/app/models/tag.php, line 89]
2012-08-12 16:51:15 Warning: Warning (2): Invalid argument supplied for foreach() in [/Users/cruisemaniac/Documents/work/Coordino/app/views/tags/find_tag.ctp, line 2]
2012-08-12 16:51:15 Warning: Warning (2): array_reverse() expects parameter 1 to be array, null given in [/Users/cruisemaniac/Documents/work/Coordino/app/models/tag.php, line 89]
2012-08-12 16:51:15 Warning: Warning (2): Invalid argument supplied for foreach() in [/Users/cruisemaniac/Documents/work/Coordino/app/views/tags/find_tag.ctp, line 2]
2012-08-12 16:51:16 Warning: Warning (2): array_reverse() expects parameter 1 to be array, null given in [/Users/cruisemaniac/Documents/work/Coordino/app/models/tag.php, line 89]
2012-08-12 16:51:16 Warning: Warning (2): Invalid argument supplied for foreach() in [/Users/cruisemaniac/Documents/work/Coordino/app/views/tags/find_tag.ctp, line 2]
2012-08-12 16:52:24 Warning: Warning (2): array_reverse() expects parameter 1 to be array, null given in [/Users/cruisemaniac/Documents/work/Coordino/app/models/tag.php, line 89]
2012-08-12 16:52:24 Warning: Warning (2): Invalid argument supplied for foreach() in [/Users/cruisemaniac/Documents/work/Coordino/app/views/tags/find_tag.ctp, line 2]
2012-08-12 16:54:14 Warning: Warning (2): array_reverse() expects parameter 1 to be array, null given in [/Users/cruisemaniac/Documents/work/Coordino/app/models/tag.php, line 89]
2012-08-12 16:54:14 Warning: Warning (2): Invalid argument supplied for foreach() in [/Users/cruisemaniac/Documents/work/Coordino/app/views/tags/find_tag.ctp, line 2]
2012-08-12 16:54:15 Warning: Warning (2): array_reverse() expects parameter 1 to be array, null given in [/Users/cruisemaniac/Documents/work/Coordino/app/models/tag.php, line 89]
2012-08-12 16:54:15 Warning: Warning (2): Invalid argument supplied for foreach() in [/Users/cruisemaniac/Documents/work/Coordino/app/views/tags/find_tag.ctp, line 2]
2012-08-12 16:54:15 Warning: Warning (2): array_reverse() expects parameter 1 to be array, null given in [/Users/cruisemaniac/Documents/work/Coordino/app/models/tag.php, line 89]
2012-08-12 16:54:15 Warning: Warning (2): Invalid argument supplied for foreach() in [/Users/cruisemaniac/Documents/work/Coordino/app/views/tags/find_tag.ctp, line 2]
2012-08-12 16:55:08 Warning: Warning (2): array_reverse() expects parameter 1 to be array, null given in [/Users/cruisemaniac/Documents/work/Coordino/app/models/tag.php, line 89]
2012-08-12 16:55:08 Warning: Warning (2): Invalid argument supplied for foreach() in [/Users/cruisemaniac/Documents/work/Coordino/app/views/tags/find_tag.ctp, line 2]
2012-08-12 16:57:24 Warning: Warning (2): array_reverse() expects parameter 1 to be array, null given in [/Users/cruisemaniac/Documents/work/Coordino/app/models/tag.php, line 89]
2012-08-12 16:57:24 Warning: Warning (2): Invalid argument supplied for foreach() in [/Users/cruisemaniac/Documents/work/Coordino/app/views/tags/find_tag.ctp, line 2]
2012-08-12 16:59:22 Warning: Warning (2): array_reverse() expects parameter 1 to be array, null given in [/Users/cruisemaniac/Documents/work/Coordino/app/models/tag.php, line 89]
2012-08-12 16:59:22 Warning: Warning (2): Invalid argument supplied for foreach() in [/Users/cruisemaniac/Documents/work/Coordino/app/views/tags/find_tag.ctp, line 2]
2012-08-12 17:00:58 Warning: Warning (2): array_reverse() expects parameter 1 to be array, null given in [/Users/cruisemaniac/Documents/work/Coordino/app/models/tag.php, line 89]
2012-08-12 17:00:58 Warning: Warning (2): Invalid argument supplied for foreach() in [/Users/cruisemaniac/Documents/work/Coordino/app/views/tags/find_tag.ctp, line 2]
2012-08-12 17:01:00 Warning: Warning (2): array_reverse() expects parameter 1 to be array, null given in [/Users/cruisemaniac/Documents/work/Coordino/app/models/tag.php, line 89]
2012-08-12 17:01:00 Warning: Warning (2): Invalid argument supplied for foreach() in [/Users/cruisemaniac/Documents/work/Coordino/app/views/tags/find_tag.ctp, line 2]
2012-08-12 17:01:01 Warning: Warning (2): array_reverse() expects parameter 1 to be array, null given in [/Users/cruisemaniac/Documents/work/Coordino/app/models/tag.php, line 89]
2012-08-12 17:01:01 Warning: Warning (2): Invalid argument supplied for foreach() in [/Users/cruisemaniac/Documents/work/Coordino/app/views/tags/find_tag.ctp, line 2]
2012-08-12 17:01:01 Warning: Warning (2): array_reverse() expects parameter 1 to be array, null given in [/Users/cruisemaniac/Documents/work/Coordino/app/models/tag.php, line 89]
2012-08-12 17:01:01 Warning: Warning (2): Invalid argument supplied for foreach() in [/Users/cruisemaniac/Documents/work/Coordino/app/views/tags/find_tag.ctp, line 2]
2012-08-12 17:01:01 Warning: Warning (2): array_reverse() expects parameter 1 to be array, null given in [/Users/cruisemaniac/Documents/work/Coordino/app/models/tag.php, line 89]
2012-08-12 17:01:01 Warning: Warning (2): Invalid argument supplied for foreach() in [/Users/cruisemaniac/Documents/work/Coordino/app/views/tags/find_tag.ctp, line 2]
2012-08-12 17:01:01 Warning: Warning (2): array_reverse() expects parameter 1 to be array, null given in [/Users/cruisemaniac/Documents/work/Coordino/app/models/tag.php, line 89]
2012-08-12 17:01:02 Warning: Warning (2): Invalid argument supplied for foreach() in [/Users/cruisemaniac/Documents/work/Coordino/app/views/tags/find_tag.ctp, line 2]
2012-08-12 17:01:02 Warning: Warning (2): array_reverse() expects parameter 1 to be array, null given in [/Users/cruisemaniac/Documents/work/Coordino/app/models/tag.php, line 89]
2012-08-12 17:01:02 Warning: Warning (2): Invalid argument supplied for foreach() in [/Users/cruisemaniac/Documents/work/Coordino/app/views/tags/find_tag.ctp, line 2]
2012-08-12 17:01:02 Warning: Warning (2): array_reverse() expects parameter 1 to be array, null given in [/Users/cruisemaniac/Documents/work/Coordino/app/models/tag.php, line 89]
2012-08-12 17:01:02 Warning: Warning (2): Invalid argument supplied for foreach() in [/Users/cruisemaniac/Documents/work/Coordino/app/views/tags/find_tag.ctp, line 2]
2012-08-12 17:01:02 Warning: Warning (2): array_reverse() expects parameter 1 to be array, null given in [/Users/cruisemaniac/Documents/work/Coordino/app/models/tag.php, line 89]
2012-08-12 17:01:02 Warning: Warning (2): Invalid argument supplied for foreach() in [/Users/cruisemaniac/Documents/work/Coordino/app/views/tags/find_tag.ctp, line 2]
2012-08-12 17:01:02 Warning: Warning (2): array_reverse() expects parameter 1 to be array, null given in [/Users/cruisemaniac/Documents/work/Coordino/app/models/tag.php, line 89]
2012-08-12 17:01:02 Warning: Warning (2): Invalid argument supplied for foreach() in [/Users/cruisemaniac/Documents/work/Coordino/app/views/tags/find_tag.ctp, line 2]
2012-08-12 17:01:03 Warning: Warning (2): array_reverse() expects parameter 1 to be array, null given in [/Users/cruisemaniac/Documents/work/Coordino/app/models/tag.php, line 89]
2012-08-12 17:01:03 Warning: Warning (2): Invalid argument supplied for foreach() in [/Users/cruisemaniac/Documents/work/Coordino/app/views/tags/find_tag.ctp, line 2]
2012-08-12 17:01:03 Warning: Warning (2): array_reverse() expects parameter 1 to be array, null given in [/Users/cruisemaniac/Documents/work/Coordino/app/models/tag.php, line 89]
2012-08-12 17:01:03 Warning: Warning (2): Invalid argument supplied for foreach() in [/Users/cruisemaniac/Documents/work/Coordino/app/views/tags/find_tag.ctp, line 2]
2012-08-12 17:01:03 Warning: Warning (2): array_reverse() expects parameter 1 to be array, null given in [/Users/cruisemaniac/Documents/work/Coordino/app/models/tag.php, line 89]
2012-08-12 17:01:03 Warning: Warning (2): Invalid argument supplied for foreach() in [/Users/cruisemaniac/Documents/work/Coordino/app/views/tags/find_tag.ctp, line 2]
2012-08-12 17:01:14 Warning: Warning (2): array_reverse() expects parameter 1 to be array, null given in [/Users/cruisemaniac/Documents/work/Coordino/app/models/tag.php, line 89]
2012-08-12 17:01:14 Warning: Warning (2): Invalid argument supplied for foreach() in [/Users/cruisemaniac/Documents/work/Coordino/app/views/tags/find_tag.ctp, line 2]
2012-08-12 17:01:14 Warning: Warning (2): array_reverse() expects parameter 1 to be array, null given in [/Users/cruisemaniac/Documents/work/Coordino/app/models/tag.php, line 89]
2012-08-12 17:01:14 Warning: Warning (2): Invalid argument supplied for foreach() in [/Users/cruisemaniac/Documents/work/Coordino/app/views/tags/find_tag.ctp, line 2]
2012-08-12 17:01:15 Warning: Warning (2): array_reverse() expects parameter 1 to be array, null given in [/Users/cruisemaniac/Documents/work/Coordino/app/models/tag.php, line 89]
2012-08-12 17:01:15 Warning: Warning (2): Invalid argument supplied for foreach() in [/Users/cruisemaniac/Documents/work/Coordino/app/views/tags/find_tag.ctp, line 2]
2012-08-12 17:01:15 Warning: Warning (2): array_reverse() expects parameter 1 to be array, null given in [/Users/cruisemaniac/Documents/work/Coordino/app/models/tag.php, line 89]
2012-08-12 17:01:15 Warning: Warning (2): Invalid argument supplied for foreach() in [/Users/cruisemaniac/Documents/work/Coordino/app/views/tags/find_tag.ctp, line 2]
2012-08-12 17:01:15 Warning: Warning (2): array_reverse() expects parameter 1 to be array, null given in [/Users/cruisemaniac/Documents/work/Coordino/app/models/tag.php, line 89]
2012-08-12 17:01:15 Warning: Warning (2): Invalid argument supplied for foreach() in [/Users/cruisemaniac/Documents/work/Coordino/app/views/tags/find_tag.ctp, line 2]
2012-08-12 17:01:16 Warning: Warning (2): array_reverse() expects parameter 1 to be array, null given in [/Users/cruisemaniac/Documents/work/Coordino/app/models/tag.php, line 89]
2012-08-12 17:01:16 Warning: Warning (2): Invalid argument supplied for foreach() in [/Users/cruisemaniac/Documents/work/Coordino/app/views/tags/find_tag.ctp, line 2]
2012-08-12 17:01:16 Warning: Warning (2): array_reverse() expects parameter 1 to be array, null given in [/Users/cruisemaniac/Documents/work/Coordino/app/models/tag.php, line 89]
2012-08-12 17:01:16 Warning: Warning (2): Invalid argument supplied for foreach() in [/Users/cruisemaniac/Documents/work/Coordino/app/views/tags/find_tag.ctp, line 2]
2012-08-12 17:01:16 Warning: Warning (2): array_reverse() expects parameter 1 to be array, null given in [/Users/cruisemaniac/Documents/work/Coordino/app/models/tag.php, line 89]
2012-08-12 17:01:16 Warning: Warning (2): Invalid argument supplied for foreach() in [/Users/cruisemaniac/Documents/work/Coordino/app/views/tags/find_tag.ctp, line 2]
2012-08-12 17:01:16 Warning: Warning (2): array_reverse() expects parameter 1 to be array, null given in [/Users/cruisemaniac/Documents/work/Coordino/app/models/tag.php, line 89]
2012-08-12 17:01:16 Warning: Warning (2): Invalid argument supplied for foreach() in [/Users/cruisemaniac/Documents/work/Coordino/app/views/tags/find_tag.ctp, line 2]
2012-08-12 17:04:22 Warning: Warning (2): array_reverse() expects parameter 1 to be array, null given in [/Users/cruisemaniac/Documents/work/Coordino/app/models/tag.php, line 89]
2012-08-12 17:04:22 Warning: Warning (2): Invalid argument supplied for foreach() in [/Users/cruisemaniac/Documents/work/Coordino/app/views/tags/find_tag.ctp, line 2]
2012-08-12 17:09:08 Warning: Warning (2): array_reverse() expects parameter 1 to be array, null given in [/Users/cruisemaniac/Documents/work/Coordino/app/models/tag.php, line 90]
2012-08-12 17:09:08 Warning: Warning (2): Invalid argument supplied for foreach() in [/Users/cruisemaniac/Documents/work/Coordino/app/views/tags/find_tag.ctp, line 2]
2012-08-12 17:09:57 Warning: Warning (2): array_reverse() expects parameter 1 to be array, null given in [/Users/cruisemaniac/Documents/work/Coordino/app/models/tag.php, line 90]
2012-08-12 17:09:57 Warning: Warning (2): Invalid argument supplied for foreach() in [/Users/cruisemaniac/Documents/work/Coordino/app/views/tags/find_tag.ctp, line 2]
2012-08-12 17:10:18 Warning: Warning (2): array_reverse() expects parameter 1 to be array, null given in [/Users/cruisemaniac/Documents/work/Coordino/app/models/tag.php, line 90]
2012-08-12 17:10:18 Warning: Warning (2): Invalid argument supplied for foreach() in [/Users/cruisemaniac/Documents/work/Coordino/app/views/tags/find_tag.ctp, line 2]
2012-08-12 17:10:34 0: debug
2012-08-12 17:10:34 Warning: Warning (2): array_reverse() expects parameter 1 to be array, null given in [/Users/cruisemaniac/Documents/work/Coordino/app/models/tag.php, line 90]
2012-08-12 17:10:34 Warning: Warning (2): Invalid argument supplied for foreach() in [/Users/cruisemaniac/Documents/work/Coordino/app/views/tags/find_tag.ctp, line 2]
2012-08-12 17:11:35 Warning: Warning (2): array_reverse() expects parameter 1 to be array, null given in [/Users/cruisemaniac/Documents/work/Coordino/app/models/tag.php, line 90]
2012-08-12 17:11:35 Warning: Warning (2): Invalid argument supplied for foreach() in [/Users/cruisemaniac/Documents/work/Coordino/app/views/tags/find_tag.ctp, line 2]
2012-08-12 17:12:15 Warning: Warning (2): array_reverse() expects parameter 1 to be array, null given in [/Users/cruisemaniac/Documents/work/Coordino/app/models/tag.php, line 90]
2012-08-12 17:12:15 Warning: Warning (2): Invalid argument supplied for foreach() in [/Users/cruisemaniac/Documents/work/Coordino/app/views/tags/find_tag.ctp, line 2]
2012-08-12 17:13:17 Warning: Warning (2): array_reverse() expects parameter 1 to be array, null given in [/Users/cruisemaniac/Documents/work/Coordino/app/models/tag.php, line 90]
2012-08-12 17:13:17 Warning: Warning (2): Invalid argument supplied for foreach() in [/Users/cruisemaniac/Documents/work/Coordino/app/views/tags/find_tag.ctp, line 2]
2012-08-12 17:13:26 Warning: Warning (2): array_reverse() expects parameter 1 to be array, null given in [/Users/cruisemaniac/Documents/work/Coordino/app/models/tag.php, line 90]
2012-08-12 17:13:26 Warning: Warning (2): Invalid argument supplied for foreach() in [/Users/cruisemaniac/Documents/work/Coordino/app/views/tags/find_tag.ctp, line 2]
2012-08-12 17:13:27 Warning: Warning (2): array_reverse() expects parameter 1 to be array, null given in [/Users/cruisemaniac/Documents/work/Coordino/app/models/tag.php, line 90]
2012-08-12 17:13:27 Warning: Warning (2): Invalid argument supplied for foreach() in [/Users/cruisemaniac/Documents/work/Coordino/app/views/tags/find_tag.ctp, line 2]
2012-08-12 17:13:27 Warning: Warning (2): array_reverse() expects parameter 1 to be array, null given in [/Users/cruisemaniac/Documents/work/Coordino/app/models/tag.php, line 90]
2012-08-12 17:13:27 Warning: Warning (2): Invalid argument supplied for foreach() in [/Users/cruisemaniac/Documents/work/Coordino/app/views/tags/find_tag.ctp, line 2]
2012-08-12 17:13:28 Warning: Warning (2): array_reverse() expects parameter 1 to be array, null given in [/Users/cruisemaniac/Documents/work/Coordino/app/models/tag.php, line 90]
2012-08-12 17:13:28 Warning: Warning (2): Invalid argument supplied for foreach() in [/Users/cruisemaniac/Documents/work/Coordino/app/views/tags/find_tag.ctp, line 2]
2012-08-12 17:13:45 Warning: Warning (2): array_reverse() expects parameter 1 to be array, null given in [/Users/cruisemaniac/Documents/work/Coordino/app/models/tag.php, line 90]
2012-08-12 17:13:45 Warning: Warning (2): Invalid argument supplied for foreach() in [/Users/cruisemaniac/Documents/work/Coordino/app/views/tags/find_tag.ctp, line 2]
2012-08-12 17:13:46 Warning: Warning (2): array_reverse() expects parameter 1 to be array, null given in [/Users/cruisemaniac/Documents/work/Coordino/app/models/tag.php, line 90]
2012-08-12 17:13:46 Warning: Warning (2): Invalid argument supplied for foreach() in [/Users/cruisemaniac/Documents/work/Coordino/app/views/tags/find_tag.ctp, line 2]
2012-08-12 17:13:46 Warning: Warning (2): array_reverse() expects parameter 1 to be array, null given in [/Users/cruisemaniac/Documents/work/Coordino/app/models/tag.php, line 90]
2012-08-12 17:13:46 Warning: Warning (2): Invalid argument supplied for foreach() in [/Users/cruisemaniac/Documents/work/Coordino/app/views/tags/find_tag.ctp, line 2]
2012-08-12 17:15:50 Warning: Warning (2): array_reverse() expects parameter 1 to be array, null given in [/Users/cruisemaniac/Documents/work/Coordino/app/models/tag.php, line 89]
2012-08-12 17:15:50 Warning: Warning (2): Invalid argument supplied for foreach() in [/Users/cruisemaniac/Documents/work/Coordino/app/views/tags/find_tag.ctp, line 2]
2012-08-12 17:15:51 Warning: Warning (2): array_reverse() expects parameter 1 to be array, null given in [/Users/cruisemaniac/Documents/work/Coordino/app/models/tag.php, line 89]
2012-08-12 17:15:51 Warning: Warning (2): Invalid argument supplied for foreach() in [/Users/cruisemaniac/Documents/work/Coordino/app/views/tags/find_tag.ctp, line 2]
2012-08-12 17:16:38 Warning: Warning (2): array_reverse() expects parameter 1 to be array, null given in [/Users/cruisemaniac/Documents/work/Coordino/app/models/tag.php, line 89]
2012-08-12 17:16:38 Warning: Warning (2): Invalid argument supplied for foreach() in [/Users/cruisemaniac/Documents/work/Coordino/app/views/tags/find_tag.ctp, line 2]
2012-08-12 17:16:39 Warning: Warning (2): array_reverse() expects parameter 1 to be array, null given in [/Users/cruisemaniac/Documents/work/Coordino/app/models/tag.php, line 89]
2012-08-12 17:16:39 Warning: Warning (2): Invalid argument supplied for foreach() in [/Users/cruisemaniac/Documents/work/Coordino/app/views/tags/find_tag.ctp, line 2]
2012-08-12 17:16:39 Warning: Warning (2): array_reverse() expects parameter 1 to be array, null given in [/Users/cruisemaniac/Documents/work/Coordino/app/models/tag.php, line 89]
2012-08-12 17:16:39 Warning: Warning (2): Invalid argument supplied for foreach() in [/Users/cruisemaniac/Documents/work/Coordino/app/views/tags/find_tag.ctp, line 2]
2012-08-12 17:16:40 Warning: Warning (2): array_reverse() expects parameter 1 to be array, null given in [/Users/cruisemaniac/Documents/work/Coordino/app/models/tag.php, line 89]
2012-08-12 17:16:40 Warning: Warning (2): Invalid argument supplied for foreach() in [/Users/cruisemaniac/Documents/work/Coordino/app/views/tags/find_tag.ctp, line 2]
2012-08-12 17:17:06 Warning: Warning (2): array_reverse() expects parameter 1 to be array, null given in [/Users/cruisemaniac/Documents/work/Coordino/app/models/tag.php, line 89]
2012-08-12 17:17:06 Warning: Warning (2): Invalid argument supplied for foreach() in [/Users/cruisemaniac/Documents/work/Coordino/app/views/tags/find_tag.ctp, line 2]
2012-08-12 17:17:29 Warning: Warning (2): array_reverse() expects parameter 1 to be array, null given in [/Users/cruisemaniac/Documents/work/Coordino/app/models/tag.php, line 89]
2012-08-12 17:17:29 Warning: Warning (2): Invalid argument supplied for foreach() in [/Users/cruisemaniac/Documents/work/Coordino/app/views/tags/find_tag.ctp, line 2]
2012-08-12 17:17:41 Warning: Warning (2): array_reverse() expects parameter 1 to be array, null given in [/Users/cruisemaniac/Documents/work/Coordino/app/models/tag.php, line 89]
2012-08-12 17:17:41 Warning: Warning (2): Invalid argument supplied for foreach() in [/Users/cruisemaniac/Documents/work/Coordino/app/views/tags/find_tag.ctp, line 2]
2012-08-12 17:18:41 Warning: Warning (2): array_reverse() expects parameter 1 to be array, null given in [/Users/cruisemaniac/Documents/work/Coordino/app/models/tag.php, line 89]
2012-08-12 17:18:41 Warning: Warning (2): Invalid argument supplied for foreach() in [/Users/cruisemaniac/Documents/work/Coordino/app/views/tags/find_tag.ctp, line 2]
2012-08-12 17:19:48 Warning: Warning (2): array_reverse() expects parameter 1 to be array, null given in [/Users/cruisemaniac/Documents/work/Coordino/app/models/tag.php, line 89]
2012-08-12 17:19:48 Warning: Warning (2): Invalid argument supplied for foreach() in [/Users/cruisemaniac/Documents/work/Coordino/app/views/tags/find_tag.ctp, line 2]
2012-08-12 17:19:50 Warning: Warning (2): array_reverse() expects parameter 1 to be array, null given in [/Users/cruisemaniac/Documents/work/Coordino/app/models/tag.php, line 89]
2012-08-12 17:19:50 Warning: Warning (2): Invalid argument supplied for foreach() in [/Users/cruisemaniac/Documents/work/Coordino/app/views/tags/find_tag.ctp, line 2]
2012-08-12 17:19:50 Warning: Warning (2): array_reverse() expects parameter 1 to be array, null given in [/Users/cruisemaniac/Documents/work/Coordino/app/models/tag.php, line 89]
2012-08-12 17:19:50 Warning: Warning (2): Invalid argument supplied for foreach() in [/Users/cruisemaniac/Documents/work/Coordino/app/views/tags/find_tag.ctp, line 2]
2012-08-12 17:19:51 Warning: Warning (2): array_reverse() expects parameter 1 to be array, null given in [/Users/cruisemaniac/Documents/work/Coordino/app/models/tag.php, line 89]
2012-08-12 17:19:51 Warning: Warning (2): Invalid argument supplied for foreach() in [/Users/cruisemaniac/Documents/work/Coordino/app/views/tags/find_tag.ctp, line 2]
2012-08-12 17:19:51 Warning: Warning (2): array_reverse() expects parameter 1 to be array, null given in [/Users/cruisemaniac/Documents/work/Coordino/app/models/tag.php, line 89]
2012-08-12 17:19:51 Warning: Warning (2): Invalid argument supplied for foreach() in [/Users/cruisemaniac/Documents/work/Coordino/app/views/tags/find_tag.ctp, line 2]
2012-08-12 17:19:52 Warning: Warning (2): array_reverse() expects parameter 1 to be array, null given in [/Users/cruisemaniac/Documents/work/Coordino/app/models/tag.php, line 89]
2012-08-12 17:19:52 Warning: Warning (2): Invalid argument supplied for foreach() in [/Users/cruisemaniac/Documents/work/Coordino/app/views/tags/find_tag.ctp, line 2]
2012-08-12 17:19:52 Warning: Warning (2): array_reverse() expects parameter 1 to be array, null given in [/Users/cruisemaniac/Documents/work/Coordino/app/models/tag.php, line 89]
2012-08-12 17:19:52 Warning: Warning (2): Invalid argument supplied for foreach() in [/Users/cruisemaniac/Documents/work/Coordino/app/views/tags/find_tag.ctp, line 2]
2012-08-12 17:19:52 Warning: Warning (2): array_reverse() expects parameter 1 to be array, null given in [/Users/cruisemaniac/Documents/work/Coordino/app/models/tag.php, line 89]
2012-08-12 17:19:52 Warning: Warning (2): Invalid argument supplied for foreach() in [/Users/cruisemaniac/Documents/work/Coordino/app/views/tags/find_tag.ctp, line 2]
2012-08-12 17:19:52 Warning: Warning (2): array_reverse() expects parameter 1 to be array, null given in [/Users/cruisemaniac/Documents/work/Coordino/app/models/tag.php, line 89]
2012-08-12 17:19:52 Warning: Warning (2): Invalid argument supplied for foreach() in [/Users/cruisemaniac/Documents/work/Coordino/app/views/tags/find_tag.ctp, line 2]
2012-08-12 17:20:55 Warning: Warning (2): array_reverse() expects parameter 1 to be array, null given in [/Users/cruisemaniac/Documents/work/Coordino/app/models/tag.php, line 89]
2012-08-12 17:20:55 Warning: Warning (2): Invalid argument supplied for foreach() in [/Users/cruisemaniac/Documents/work/Coordino/app/views/tags/find_tag.ctp, line 2]
2012-08-12 17:20:56 Warning: Warning (2): array_reverse() expects parameter 1 to be array, null given in [/Users/cruisemaniac/Documents/work/Coordino/app/models/tag.php, line 89]
2012-08-12 17:20:56 Warning: Warning (2): Invalid argument supplied for foreach() in [/Users/cruisemaniac/Documents/work/Coordino/app/views/tags/find_tag.ctp, line 2]
2012-08-12 17:24:39 Warning: Warning (2): array_reverse() expects parameter 1 to be array, null given in [/Users/cruisemaniac/Documents/work/Coordino/app/models/tag.php, line 89]
2012-08-12 17:24:39 Warning: Warning (2): Invalid argument supplied for foreach() in [/Users/cruisemaniac/Documents/work/Coordino/app/views/tags/find_tag.ctp, line 2]
